The system is: Linux - 2.6.18.8-86 - Intel(R) Pentium(R) M processor 1.60GHz
Determining if the C compiler is GNU succeeded with the following output:
# 1 "/usr/share/cmake-2.4/Modules/CMakeTestGNU.c"
# 1 "<built-in>"
# 1 "<command line>"
# 1 "/usr/share/cmake-2.4/Modules/CMakeTestGNU.c"

void THIS_IS_GNU();

Determining if the C++ compiler is GNU succeeded with the following output:
# 1 "/usr/share/cmake-2.4/Modules/CMakeTestGNU.c"
# 1 "<built-in>"
# 1 "<command line>"
# 1 "/usr/share/cmake-2.4/Modules/CMakeTestGNU.c"

void THIS_IS_GNU();

Determining if the C compiler works passed with the following output:
/usr/bin/gmake -f CMakeFiles/cmTryCompileExec.dir/build.make CMakeFiles/cmTryCompileExec.dir/build
gmake[1]:`/home/gokcen/kits/PolicyKit-kde/build/CMakeFiles/CMakeTmp' dizinine giriliyor
/usr/bin/cmake -E cmake_progress_report /home/gokcen/kits/PolicyKit-kde/build/CMakeFiles/CMakeTmp/CMakeFiles 1
Building C object CMakeFiles/cmTryCompileExec.dir/testCCompiler.o
/usr/bin/gcc   -o CMakeFiles/cmTryCompileExec.dir/testCCompiler.o   -c /home/gokcen/kits/PolicyKit-kde/build/CMakeFiles/CMakeTmp/testCCompiler.c
Linking C executable cmTryCompileExec
/usr/bin/cmake -P CMakeFiles/cmTryCompileExec.dir/cmake_clean_target.cmake
/usr/bin/gcc        -fPIC "CMakeFiles/cmTryCompileExec.dir/testCCompiler.o"   -o cmTryCompileExec -rdynamic 
gmake[1]: `/home/gokcen/kits/PolicyKit-kde/build/CMakeFiles/CMakeTmp' dizininden çıkılıyor


Determining size of void* passed with the following output:
/usr/bin/gmake -f CMakeFiles/cmTryCompileExec.dir/build.make CMakeFiles/cmTryCompileExec.dir/build
gmake[1]:`/home/gokcen/kits/PolicyKit-kde/build/CMakeFiles/CMakeTmp' dizinine giriliyor
/usr/bin/cmake -E cmake_progress_report /home/gokcen/kits/PolicyKit-kde/build/CMakeFiles/CMakeTmp/CMakeFiles 1
Building C object CMakeFiles/cmTryCompileExec.dir/CheckTypeSize.o
/usr/bin/gcc   -o CMakeFiles/cmTryCompileExec.dir/CheckTypeSize.o   -c /home/gokcen/kits/PolicyKit-kde/build/CMakeFiles/CMakeTmp/CheckTypeSize.c
Linking C executable cmTryCompileExec
/usr/bin/cmake -P CMakeFiles/cmTryCompileExec.dir/cmake_clean_target.cmake
/usr/bin/gcc        -fPIC "CMakeFiles/cmTryCompileExec.dir/CheckTypeSize.o"   -o cmTryCompileExec -rdynamic 
gmake[1]: `/home/gokcen/kits/PolicyKit-kde/build/CMakeFiles/CMakeTmp' dizininden çıkılıyor


Determining if the CXX compiler works passed with the following output:
/usr/bin/gmake -f CMakeFiles/cmTryCompileExec.dir/build.make CMakeFiles/cmTryCompileExec.dir/build
gmake[1]:`/home/gokcen/kits/PolicyKit-kde/build/CMakeFiles/CMakeTmp' dizinine giriliyor
/usr/bin/cmake -E cmake_progress_report /home/gokcen/kits/PolicyKit-kde/build/CMakeFiles/CMakeTmp/CMakeFiles 1
Building CXX object CMakeFiles/cmTryCompileExec.dir/testCXXCompiler.o
/usr/bin/c++    -o CMakeFiles/cmTryCompileExec.dir/testCXXCompiler.o -c /home/gokcen/kits/PolicyKit-kde/build/CMakeFiles/CMakeTmp/testCXXCompiler.cxx
Linking CXX executable cmTryCompileExec
/usr/bin/cmake -P CMakeFiles/cmTryCompileExec.dir/cmake_clean_target.cmake
/usr/bin/c++         -fPIC "CMakeFiles/cmTryCompileExec.dir/testCXXCompiler.o"   -o cmTryCompileExec -rdynamic 
gmake[1]: `/home/gokcen/kits/PolicyKit-kde/build/CMakeFiles/CMakeTmp' dizininden çıkılıyor


Determining if the function XOpenDisplay exists in the /usr/lib/libX11.so;/usr/lib/libXext.so passed with the following output:
/usr/bin/gmake -f CMakeFiles/cmTryCompileExec.dir/build.make CMakeFiles/cmTryCompileExec.dir/build
gmake[1]:`/home/gokcen/kits/PolicyKit-kde/build/CMakeFiles/CMakeTmp' dizinine giriliyor
/usr/bin/cmake -E cmake_progress_report /home/gokcen/kits/PolicyKit-kde/build/CMakeFiles/CMakeTmp/CMakeFiles 1
Building C object CMakeFiles/cmTryCompileExec.dir/CheckFunctionExists.o
/usr/bin/gcc  -DCHECK_FUNCTION_EXISTS=XOpenDisplay   -o CMakeFiles/cmTryCompileExec.dir/CheckFunctionExists.o   -c /usr/share/cmake-2.4/Modules/CheckFunctionExists.c
Linking C executable cmTryCompileExec
/usr/bin/cmake -P CMakeFiles/cmTryCompileExec.dir/cmake_clean_target.cmake
/usr/bin/gcc      -DCHECK_FUNCTION_EXISTS=XOpenDisplay  -fPIC "CMakeFiles/cmTryCompileExec.dir/CheckFunctionExists.o"   -o cmTryCompileExec -rdynamic -lX11 -lXext 
gmake[1]: `/home/gokcen/kits/PolicyKit-kde/build/CMakeFiles/CMakeTmp' dizininden çıkılıyor


Determining if the function gethostbyname exists passed with the following output:
/usr/bin/gmake -f CMakeFiles/cmTryCompileExec.dir/build.make CMakeFiles/cmTryCompileExec.dir/build
gmake[1]:`/home/gokcen/kits/PolicyKit-kde/build/CMakeFiles/CMakeTmp' dizinine giriliyor
/usr/bin/cmake -E cmake_progress_report /home/gokcen/kits/PolicyKit-kde/build/CMakeFiles/CMakeTmp/CMakeFiles 1
Building C object CMakeFiles/cmTryCompileExec.dir/CheckFunctionExists.o
/usr/bin/gcc  -DCHECK_FUNCTION_EXISTS=gethostbyname   -o CMakeFiles/cmTryCompileExec.dir/CheckFunctionExists.o   -c /usr/share/cmake-2.4/Modules/CheckFunctionExists.c
Linking C executable cmTryCompileExec
/usr/bin/cmake -P CMakeFiles/cmTryCompileExec.dir/cmake_clean_target.cmake
/usr/bin/gcc      -DCHECK_FUNCTION_EXISTS=gethostbyname  -fPIC "CMakeFiles/cmTryCompileExec.dir/CheckFunctionExists.o"   -o cmTryCompileExec -rdynamic 
gmake[1]: `/home/gokcen/kits/PolicyKit-kde/build/CMakeFiles/CMakeTmp' dizininden çıkılıyor


Determining if the function connect exists passed with the following output:
/usr/bin/gmake -f CMakeFiles/cmTryCompileExec.dir/build.make CMakeFiles/cmTryCompileExec.dir/build
gmake[1]:`/home/gokcen/kits/PolicyKit-kde/build/CMakeFiles/CMakeTmp' dizinine giriliyor
/usr/bin/cmake -E cmake_progress_report /home/gokcen/kits/PolicyKit-kde/build/CMakeFiles/CMakeTmp/CMakeFiles 1
Building C object CMakeFiles/cmTryCompileExec.dir/CheckFunctionExists.o
/usr/bin/gcc  -DCHECK_FUNCTION_EXISTS=connect   -o CMakeFiles/cmTryCompileExec.dir/CheckFunctionExists.o   -c /usr/share/cmake-2.4/Modules/CheckFunctionExists.c
Linking C executable cmTryCompileExec
/usr/bin/cmake -P CMakeFiles/cmTryCompileExec.dir/cmake_clean_target.cmake
/usr/bin/gcc      -DCHECK_FUNCTION_EXISTS=connect  -fPIC "CMakeFiles/cmTryCompileExec.dir/CheckFunctionExists.o"   -o cmTryCompileExec -rdynamic 
gmake[1]: `/home/gokcen/kits/PolicyKit-kde/build/CMakeFiles/CMakeTmp' dizininden çıkılıyor


Determining if the function remove exists passed with the following output:
/usr/bin/gmake -f CMakeFiles/cmTryCompileExec.dir/build.make CMakeFiles/cmTryCompileExec.dir/build
gmake[1]:`/home/gokcen/kits/PolicyKit-kde/build/CMakeFiles/CMakeTmp' dizinine giriliyor
/usr/bin/cmake -E cmake_progress_report /home/gokcen/kits/PolicyKit-kde/build/CMakeFiles/CMakeTmp/CMakeFiles 1
Building C object CMakeFiles/cmTryCompileExec.dir/CheckFunctionExists.o
/usr/bin/gcc  -DCHECK_FUNCTION_EXISTS=remove   -o CMakeFiles/cmTryCompileExec.dir/CheckFunctionExists.o   -c /usr/share/cmake-2.4/Modules/CheckFunctionExists.c
Linking C executable cmTryCompileExec
/usr/bin/cmake -P CMakeFiles/cmTryCompileExec.dir/cmake_clean_target.cmake
/usr/bin/gcc      -DCHECK_FUNCTION_EXISTS=remove  -fPIC "CMakeFiles/cmTryCompileExec.dir/CheckFunctionExists.o"   -o cmTryCompileExec -rdynamic 
gmake[1]: `/home/gokcen/kits/PolicyKit-kde/build/CMakeFiles/CMakeTmp' dizininden çıkılıyor


Determining if the function shmat exists passed with the following output:
/usr/bin/gmake -f CMakeFiles/cmTryCompileExec.dir/build.make CMakeFiles/cmTryCompileExec.dir/build
gmake[1]:`/home/gokcen/kits/PolicyKit-kde/build/CMakeFiles/CMakeTmp' dizinine giriliyor
/usr/bin/cmake -E cmake_progress_report /home/gokcen/kits/PolicyKit-kde/build/CMakeFiles/CMakeTmp/CMakeFiles 1
Building C object CMakeFiles/cmTryCompileExec.dir/CheckFunctionExists.o
/usr/bin/gcc  -DCHECK_FUNCTION_EXISTS=shmat   -o CMakeFiles/cmTryCompileExec.dir/CheckFunctionExists.o   -c /usr/share/cmake-2.4/Modules/CheckFunctionExists.c
Linking C executable cmTryCompileExec
/usr/bin/cmake -P CMakeFiles/cmTryCompileExec.dir/cmake_clean_target.cmake
/usr/bin/gcc      -DCHECK_FUNCTION_EXISTS=shmat  -fPIC "CMakeFiles/cmTryCompileExec.dir/CheckFunctionExists.o"   -o cmTryCompileExec -rdynamic 
gmake[1]: `/home/gokcen/kits/PolicyKit-kde/build/CMakeFiles/CMakeTmp' dizininden çıkılıyor


Determining if the function IceConnectionNumber exists in the ICE passed with the following output:
/usr/bin/gmake -f CMakeFiles/cmTryCompileExec.dir/build.make CMakeFiles/cmTryCompileExec.dir/build
gmake[1]:`/home/gokcen/kits/PolicyKit-kde/build/CMakeFiles/CMakeTmp' dizinine giriliyor
/usr/bin/cmake -E cmake_progress_report /home/gokcen/kits/PolicyKit-kde/build/CMakeFiles/CMakeTmp/CMakeFiles 1
Building C object CMakeFiles/cmTryCompileExec.dir/CheckFunctionExists.o
/usr/bin/gcc  -DCHECK_FUNCTION_EXISTS=IceConnectionNumber   -o CMakeFiles/cmTryCompileExec.dir/CheckFunctionExists.o   -c /usr/share/cmake-2.4/Modules/CheckFunctionExists.c
Linking C executable cmTryCompileExec
/usr/bin/cmake -P CMakeFiles/cmTryCompileExec.dir/cmake_clean_target.cmake
/usr/bin/gcc      -DCHECK_FUNCTION_EXISTS=IceConnectionNumber  -fPIC "CMakeFiles/cmTryCompileExec.dir/CheckFunctionExists.o"   -o cmTryCompileExec -rdynamic -lICE 
gmake[1]: `/home/gokcen/kits/PolicyKit-kde/build/CMakeFiles/CMakeTmp' dizininden çıkılıyor


Determining if the include file pthread.h exists passed with the following output:
/usr/bin/gmake -f CMakeFiles/cmTryCompileExec.dir/build.make CMakeFiles/cmTryCompileExec.dir/build
gmake[1]:`/home/gokcen/kits/PolicyKit-kde/build/CMakeFiles/CMakeTmp' dizinine giriliyor
/usr/bin/cmake -E cmake_progress_report /home/gokcen/kits/PolicyKit-kde/build/CMakeFiles/CMakeTmp/CMakeFiles 1
Building C object CMakeFiles/cmTryCompileExec.dir/CheckIncludeFile.o
/usr/bin/gcc   -o CMakeFiles/cmTryCompileExec.dir/CheckIncludeFile.o   -c /home/gokcen/kits/PolicyKit-kde/build/CMakeFiles/CMakeTmp/CheckIncludeFile.c
Linking C executable cmTryCompileExec
/usr/bin/cmake -P CMakeFiles/cmTryCompileExec.dir/cmake_clean_target.cmake
/usr/bin/gcc        -fPIC "CMakeFiles/cmTryCompileExec.dir/CheckIncludeFile.o"   -o cmTryCompileExec -rdynamic 
gmake[1]: `/home/gokcen/kits/PolicyKit-kde/build/CMakeFiles/CMakeTmp' dizininden çıkılıyor


Determining if the function pthread_create exists in the pthread passed with the following output:
/usr/bin/gmake -f CMakeFiles/cmTryCompileExec.dir/build.make CMakeFiles/cmTryCompileExec.dir/build
gmake[1]:`/home/gokcen/kits/PolicyKit-kde/build/CMakeFiles/CMakeTmp' dizinine giriliyor
/usr/bin/cmake -E cmake_progress_report /home/gokcen/kits/PolicyKit-kde/build/CMakeFiles/CMakeTmp/CMakeFiles 1
Building C object CMakeFiles/cmTryCompileExec.dir/CheckFunctionExists.o
/usr/bin/gcc  -DCHECK_FUNCTION_EXISTS=pthread_create   -o CMakeFiles/cmTryCompileExec.dir/CheckFunctionExists.o   -c /usr/share/cmake-2.4/Modules/CheckFunctionExists.c
Linking C executable cmTryCompileExec
/usr/bin/cmake -P CMakeFiles/cmTryCompileExec.dir/cmake_clean_target.cmake
/usr/bin/gcc      -DCHECK_FUNCTION_EXISTS=pthread_create  -fPIC "CMakeFiles/cmTryCompileExec.dir/CheckFunctionExists.o"   -o cmTryCompileExec -rdynamic -lpthread 
gmake[1]: `/home/gokcen/kits/PolicyKit-kde/build/CMakeFiles/CMakeTmp' dizininden çıkılıyor


