The system is: Linux - 2.6.30.5-126 - i686
Compiling the C compiler identification source file "CMakeCCompilerId.c" succeeded.
Compiler: /usr/bin/gcc 
Build flags: 
Id flags: 

The output was:
0


Compilation of the C compiler identification source "CMakeCCompilerId.c" produced "a.out"

The C compiler identification is GNU, found in "/home/albayenes/svn/uludag/trunk/staj-projeleri/tv-manager/src/build/CMakeFiles/CompilerIdC/a.out"

Compiling the CXX compiler identification source file "CMakeCXXCompilerId.cpp" succeeded.
Compiler: /usr/bin/c++ 
Build flags: 
Id flags: 

The output was:
0
CMakeCXXCompilerId.cpp:67: warning: deprecated conversion from string constant to 'char*'
CMakeCXXCompilerId.cpp:157: warning: deprecated conversion from string constant to 'char*'

*** 0 errors, 2 warnings


Compilation of the CXX compiler identification source "CMakeCXXCompilerId.cpp" produced "a.out"

The CXX compiler identification is GNU, found in "/home/albayenes/svn/uludag/trunk/staj-projeleri/tv-manager/src/build/CMakeFiles/CompilerIdCXX/a.out"

Determining if the C compiler works passed with the following output:
Change Dir: /home/albayenes/svn/uludag/trunk/staj-projeleri/tv-manager/src/build/CMakeFiles/CMakeTmp

Run Build Command:/usr/bin/gmake "cmTryCompileExec/fast"
/usr/bin/gmake -f CMakeFiles/cmTryCompileExec.dir/build.make CMakeFiles/cmTryCompileExec.dir/build
gmake[1]:`/home/albayenes/svn/uludag/trunk/staj-projeleri/tv-manager/src/build/CMakeFiles/CMakeTmp' dizinine giriliyor
/usr/bin/cmake -E cmake_progress_report /home/albayenes/svn/uludag/trunk/staj-projeleri/tv-manager/src/build/CMakeFiles/CMakeTmp/CMakeFiles 1
Building C object CMakeFiles/cmTryCompileExec.dir/testCCompiler.c.o
/usr/bin/gcc    -o CMakeFiles/cmTryCompileExec.dir/testCCompiler.c.o   -c /home/albayenes/svn/uludag/trunk/staj-projeleri/tv-manager/src/build/CMakeFiles/CMakeTmp/testCCompiler.c
Linking C executable cmTryCompileExec
/usr/bin/cmake -E cmake_link_script CMakeFiles/cmTryCompileExec.dir/link.txt --verbose=1
/usr/bin/gcc       -fPIC CMakeFiles/cmTryCompileExec.dir/testCCompiler.c.o  -o cmTryCompileExec -rdynamic 
gmake[1]: `/home/albayenes/svn/uludag/trunk/staj-projeleri/tv-manager/src/build/CMakeFiles/CMakeTmp' dizininden çıkılıyor


Detecting C compiler ABI info compiled with the following output:
Change Dir: /home/albayenes/svn/uludag/trunk/staj-projeleri/tv-manager/src/build/CMakeFiles/CMakeTmp

Run Build Command:/usr/bin/gmake "cmTryCompileExec/fast"
/usr/bin/gmake -f CMakeFiles/cmTryCompileExec.dir/build.make CMakeFiles/cmTryCompileExec.dir/build
gmake[1]:`/home/albayenes/svn/uludag/trunk/staj-projeleri/tv-manager/src/build/CMakeFiles/CMakeTmp' dizinine giriliyor
/usr/bin/cmake -E cmake_progress_report /home/albayenes/svn/uludag/trunk/staj-projeleri/tv-manager/src/build/CMakeFiles/CMakeTmp/CMakeFiles 1
Building C object CMakeFiles/cmTryCompileExec.dir/CMakeCCompilerABI.c.o
/usr/bin/gcc    -o CMakeFiles/cmTryCompileExec.dir/CMakeCCompilerABI.c.o   -c /usr/share/cmake-2.6/Modules/CMakeCCompilerABI.c
Linking C executable cmTryCompileExec
/usr/bin/cmake -E cmake_link_script CMakeFiles/cmTryCompileExec.dir/link.txt --verbose=1
/usr/bin/gcc       -fPIC CMakeFiles/cmTryCompileExec.dir/CMakeCCompilerABI.c.o  -o cmTryCompileExec -rdynamic 
gmake[1]: `/home/albayenes/svn/uludag/trunk/staj-projeleri/tv-manager/src/build/CMakeFiles/CMakeTmp' dizininden çıkılıyor


Determining if the CXX compiler works passed with the following output:
Change Dir: /home/albayenes/svn/uludag/trunk/staj-projeleri/tv-manager/src/build/CMakeFiles/CMakeTmp

Run Build Command:/usr/bin/gmake "cmTryCompileExec/fast"
/usr/bin/gmake -f CMakeFiles/cmTryCompileExec.dir/build.make CMakeFiles/cmTryCompileExec.dir/build
gmake[1]:`/home/albayenes/svn/uludag/trunk/staj-projeleri/tv-manager/src/build/CMakeFiles/CMakeTmp' dizinine giriliyor
/usr/bin/cmake -E cmake_progress_report /home/albayenes/svn/uludag/trunk/staj-projeleri/tv-manager/src/build/CMakeFiles/CMakeTmp/CMakeFiles 1
Building CXX object CMakeFiles/cmTryCompileExec.dir/testCXXCompiler.cxx.o
/usr/bin/c++     -o CMakeFiles/cmTryCompileExec.dir/testCXXCompiler.cxx.o -c /home/albayenes/svn/uludag/trunk/staj-projeleri/tv-manager/src/build/CMakeFiles/CMakeTmp/testCXXCompiler.cxx
Linking CXX executable cmTryCompileExec
/usr/bin/cmake -E cmake_link_script CMakeFiles/cmTryCompileExec.dir/link.txt --verbose=1
/usr/bin/c++        -fPIC CMakeFiles/cmTryCompileExec.dir/testCXXCompiler.cxx.o  -o cmTryCompileExec -rdynamic 
gmake[1]: `/home/albayenes/svn/uludag/trunk/staj-projeleri/tv-manager/src/build/CMakeFiles/CMakeTmp' dizininden çıkılıyor


Detecting CXX compiler ABI info compiled with the following output:
Change Dir: /home/albayenes/svn/uludag/trunk/staj-projeleri/tv-manager/src/build/CMakeFiles/CMakeTmp

Run Build Command:/usr/bin/gmake "cmTryCompileExec/fast"
/usr/bin/gmake -f CMakeFiles/cmTryCompileExec.dir/build.make CMakeFiles/cmTryCompileExec.dir/build
gmake[1]:`/home/albayenes/svn/uludag/trunk/staj-projeleri/tv-manager/src/build/CMakeFiles/CMakeTmp' dizinine giriliyor
/usr/bin/cmake -E cmake_progress_report /home/albayenes/svn/uludag/trunk/staj-projeleri/tv-manager/src/build/CMakeFiles/CMakeTmp/CMakeFiles 1
Building CXX object CMakeFiles/cmTryCompileExec.dir/CMakeCXXCompilerABI.cpp.o
/usr/bin/c++     -o CMakeFiles/cmTryCompileExec.dir/CMakeCXXCompilerABI.cpp.o -c /usr/share/cmake-2.6/Modules/CMakeCXXCompilerABI.cpp
Linking CXX executable cmTryCompileExec
/usr/bin/cmake -E cmake_link_script CMakeFiles/cmTryCompileExec.dir/link.txt --verbose=1
/usr/bin/c++        -fPIC CMakeFiles/cmTryCompileExec.dir/CMakeCXXCompilerABI.cpp.o  -o cmTryCompileExec -rdynamic 
gmake[1]: `/home/albayenes/svn/uludag/trunk/staj-projeleri/tv-manager/src/build/CMakeFiles/CMakeTmp' dizininden çıkılıyor


Determining if the Q_WS_X11 exist passed with the following output:
Change Dir: /home/albayenes/svn/uludag/trunk/staj-projeleri/tv-manager/src/build/CMakeFiles/CMakeTmp

Run Build Command:/usr/bin/gmake "cmTryCompileExec/fast"
/usr/bin/gmake -f CMakeFiles/cmTryCompileExec.dir/build.make CMakeFiles/cmTryCompileExec.dir/build
gmake[1]:`/home/albayenes/svn/uludag/trunk/staj-projeleri/tv-manager/src/build/CMakeFiles/CMakeTmp' dizinine giriliyor
/usr/bin/cmake -E cmake_progress_report /home/albayenes/svn/uludag/trunk/staj-projeleri/tv-manager/src/build/CMakeFiles/CMakeTmp/CMakeFiles 1
Building C object CMakeFiles/cmTryCompileExec.dir/CheckSymbolExists.c.o
/usr/bin/gcc   -I/usr/qt/4/include   -o CMakeFiles/cmTryCompileExec.dir/CheckSymbolExists.c.o   -c /home/albayenes/svn/uludag/trunk/staj-projeleri/tv-manager/src/build/CMakeFiles/CMakeTmp/CheckSymbolExists.c
Linking C executable cmTryCompileExec
/usr/bin/cmake -E cmake_link_script CMakeFiles/cmTryCompileExec.dir/link.txt --verbose=1
/usr/bin/gcc       -fPIC CMakeFiles/cmTryCompileExec.dir/CheckSymbolExists.c.o  -o cmTryCompileExec -rdynamic 
gmake[1]: `/home/albayenes/svn/uludag/trunk/staj-projeleri/tv-manager/src/build/CMakeFiles/CMakeTmp' dizininden çıkılıyor

File /home/albayenes/svn/uludag/trunk/staj-projeleri/tv-manager/src/build/CMakeFiles/CMakeTmp/CheckSymbolExists.c:
/* */
#include <QtCore/qglobal.h>

void cmakeRequireSymbol(int dummy,...){(void)dummy;}
int main()
{
#ifndef Q_WS_X11
  cmakeRequireSymbol(0,&Q_WS_X11);
#endif
  return 0;
}

Determining if the _POSIX_TIMERS exist passed with the following output:
Change Dir: /home/albayenes/svn/uludag/trunk/staj-projeleri/tv-manager/src/build/CMakeFiles/CMakeTmp

Run Build Command:/usr/bin/gmake "cmTryCompileExec/fast"
/usr/bin/gmake -f CMakeFiles/cmTryCompileExec.dir/build.make CMakeFiles/cmTryCompileExec.dir/build
gmake[1]:`/home/albayenes/svn/uludag/trunk/staj-projeleri/tv-manager/src/build/CMakeFiles/CMakeTmp' dizinine giriliyor
/usr/bin/cmake -E cmake_progress_report /home/albayenes/svn/uludag/trunk/staj-projeleri/tv-manager/src/build/CMakeFiles/CMakeTmp/CMakeFiles 1
Building C object CMakeFiles/cmTryCompileExec.dir/CheckSymbolExists.c.o
/usr/bin/gcc    -o CMakeFiles/cmTryCompileExec.dir/CheckSymbolExists.c.o   -c /home/albayenes/svn/uludag/trunk/staj-projeleri/tv-manager/src/build/CMakeFiles/CMakeTmp/CheckSymbolExists.c
Linking C executable cmTryCompileExec
/usr/bin/cmake -E cmake_link_script CMakeFiles/cmTryCompileExec.dir/link.txt --verbose=1
/usr/bin/gcc       -fPIC CMakeFiles/cmTryCompileExec.dir/CheckSymbolExists.c.o  -o cmTryCompileExec -rdynamic -lrt 
gmake[1]: `/home/albayenes/svn/uludag/trunk/staj-projeleri/tv-manager/src/build/CMakeFiles/CMakeTmp' dizininden çıkılıyor

File /home/albayenes/svn/uludag/trunk/staj-projeleri/tv-manager/src/build/CMakeFiles/CMakeTmp/CheckSymbolExists.c:
/* */
#include <unistd.h>
#include <time.h>

void cmakeRequireSymbol(int dummy,...){(void)dummy;}
int main()
{
#ifndef _POSIX_TIMERS
  cmakeRequireSymbol(0,&_POSIX_TIMERS);
#endif
  return 0;
}

Performing C++ SOURCE FILE Test HAVE_FPIE_SUPPORT succeded with the following output:
Change Dir: /home/albayenes/svn/uludag/trunk/staj-projeleri/tv-manager/src/build/CMakeFiles/CMakeTmp

Run Build Command:/usr/bin/gmake "cmTryCompileExec/fast"
/usr/bin/gmake -f CMakeFiles/cmTryCompileExec.dir/build.make CMakeFiles/cmTryCompileExec.dir/build
gmake[1]:`/home/albayenes/svn/uludag/trunk/staj-projeleri/tv-manager/src/build/CMakeFiles/CMakeTmp' dizinine giriliyor
/usr/bin/cmake -E cmake_progress_report /home/albayenes/svn/uludag/trunk/staj-projeleri/tv-manager/src/build/CMakeFiles/CMakeTmp/CMakeFiles 1
Building CXX object CMakeFiles/cmTryCompileExec.dir/src.cxx.o
/usr/bin/c++    -Wnon-virtual-dtor -Wno-long-long -ansi -Wundef -Wcast-align -Wchar-subscripts -Wall -W -Wpointer-arith -Wformat-security -fno-exceptions -fno-check-new -fno-common  -DHAVE_FPIE_SUPPORT   -fPIE -o CMakeFiles/cmTryCompileExec.dir/src.cxx.o -c /home/albayenes/svn/uludag/trunk/staj-projeleri/tv-manager/src/build/CMakeFiles/CMakeTmp/src.cxx
Linking CXX executable cmTryCompileExec
/usr/bin/cmake -E cmake_link_script CMakeFiles/cmTryCompileExec.dir/link.txt --verbose=1
/usr/bin/c++     -Wnon-virtual-dtor -Wno-long-long -ansi -Wundef -Wcast-align -Wchar-subscripts -Wall -W -Wpointer-arith -Wformat-security -fno-exceptions -fno-check-new -fno-common  -DHAVE_FPIE_SUPPORT  -fPIC CMakeFiles/cmTryCompileExec.dir/src.cxx.o  -o cmTryCompileExec -rdynamic 
gmake[1]: `/home/albayenes/svn/uludag/trunk/staj-projeleri/tv-manager/src/build/CMakeFiles/CMakeTmp' dizininden çıkılıyor

Source file was:
int main() { return 0;}
Performing C++ SOURCE FILE Test __KDE_HAVE_W_OVERLOADED_VIRTUAL succeded with the following output:
Change Dir: /home/albayenes/svn/uludag/trunk/staj-projeleri/tv-manager/src/build/CMakeFiles/CMakeTmp

Run Build Command:/usr/bin/gmake "cmTryCompileExec/fast"
/usr/bin/gmake -f CMakeFiles/cmTryCompileExec.dir/build.make CMakeFiles/cmTryCompileExec.dir/build
gmake[1]:`/home/albayenes/svn/uludag/trunk/staj-projeleri/tv-manager/src/build/CMakeFiles/CMakeTmp' dizinine giriliyor
/usr/bin/cmake -E cmake_progress_report /home/albayenes/svn/uludag/trunk/staj-projeleri/tv-manager/src/build/CMakeFiles/CMakeTmp/CMakeFiles 1
Building CXX object CMakeFiles/cmTryCompileExec.dir/src.cxx.o
/usr/bin/c++    -Wnon-virtual-dtor -Wno-long-long -ansi -Wundef -Wcast-align -Wchar-subscripts -Wall -W -Wpointer-arith -Wformat-security -fno-exceptions -fno-check-new -fno-common  -D__KDE_HAVE_W_OVERLOADED_VIRTUAL   -Woverloaded-virtual -o CMakeFiles/cmTryCompileExec.dir/src.cxx.o -c /home/albayenes/svn/uludag/trunk/staj-projeleri/tv-manager/src/build/CMakeFiles/CMakeTmp/src.cxx
Linking CXX executable cmTryCompileExec
/usr/bin/cmake -E cmake_link_script CMakeFiles/cmTryCompileExec.dir/link.txt --verbose=1
/usr/bin/c++     -Wnon-virtual-dtor -Wno-long-long -ansi -Wundef -Wcast-align -Wchar-subscripts -Wall -W -Wpointer-arith -Wformat-security -fno-exceptions -fno-check-new -fno-common  -D__KDE_HAVE_W_OVERLOADED_VIRTUAL  -fPIC CMakeFiles/cmTryCompileExec.dir/src.cxx.o  -o cmTryCompileExec -rdynamic 
gmake[1]: `/home/albayenes/svn/uludag/trunk/staj-projeleri/tv-manager/src/build/CMakeFiles/CMakeTmp' dizininden çıkılıyor

Source file was:
int main() { return 0;}
Performing C++ SOURCE FILE Test __KDE_HAVE_GCC_VISIBILITY succeded with the following output:
Change Dir: /home/albayenes/svn/uludag/trunk/staj-projeleri/tv-manager/src/build/CMakeFiles/CMakeTmp

Run Build Command:/usr/bin/gmake "cmTryCompileExec/fast"
/usr/bin/gmake -f CMakeFiles/cmTryCompileExec.dir/build.make CMakeFiles/cmTryCompileExec.dir/build
gmake[1]:`/home/albayenes/svn/uludag/trunk/staj-projeleri/tv-manager/src/build/CMakeFiles/CMakeTmp' dizinine giriliyor
/usr/bin/cmake -E cmake_progress_report /home/albayenes/svn/uludag/trunk/staj-projeleri/tv-manager/src/build/CMakeFiles/CMakeTmp/CMakeFiles 1
Building CXX object CMakeFiles/cmTryCompileExec.dir/src.cxx.o
/usr/bin/c++    -Wnon-virtual-dtor -Wno-long-long -ansi -Wundef -Wcast-align -Wchar-subscripts -Wall -W -Wpointer-arith -Wformat-security -fno-exceptions -fno-check-new -fno-common -Woverloaded-virtual  -D__KDE_HAVE_GCC_VISIBILITY   -fvisibility=hidden -o CMakeFiles/cmTryCompileExec.dir/src.cxx.o -c /home/albayenes/svn/uludag/trunk/staj-projeleri/tv-manager/src/build/CMakeFiles/CMakeTmp/src.cxx
Linking CXX executable cmTryCompileExec
/usr/bin/cmake -E cmake_link_script CMakeFiles/cmTryCompileExec.dir/link.txt --verbose=1
/usr/bin/c++     -Wnon-virtual-dtor -Wno-long-long -ansi -Wundef -Wcast-align -Wchar-subscripts -Wall -W -Wpointer-arith -Wformat-security -fno-exceptions -fno-check-new -fno-common -Woverloaded-virtual  -D__KDE_HAVE_GCC_VISIBILITY  -fPIC CMakeFiles/cmTryCompileExec.dir/src.cxx.o  -o cmTryCompileExec -rdynamic 
gmake[1]: `/home/albayenes/svn/uludag/trunk/staj-projeleri/tv-manager/src/build/CMakeFiles/CMakeTmp' dizininden çıkılıyor

Source file was:
int main() { return 0;}
